<?xml version="1.0" encoding="UTF-8"?>
<coverage generated="1677087178083" clover="3.2.0">
  <project timestamp="1677087178083" name="All files">
    <metrics statements="13" coveredstatements="10" conditionals="4" coveredconditionals="2" methods="2" coveredmethods="1" elements="19" coveredelements="13" complexity="0" loc="13" ncloc="13" packages="2" files="2" classes="2"/>
    <package name="src">
      <metrics statements="4" coveredstatements="4" conditionals="0" coveredconditionals="0" methods="0" coveredmethods="0"/>
      <file name="appConstants.js" path="/Users/shelancooray/Documents/personal_workspace/node/ms-gateway-magament/src/appConstants.js">
        <metrics statements="4" coveredstatements="4" conditionals="0" coveredconditionals="0" methods="0" coveredmethods="0"/>
        <line num="10" count="1" type="stmt"/>
        <line num="17" count="1" type="stmt"/>
        <line num="21" count="1" type="stmt"/>
        <line num="23" count="1" type="stmt"/>
      </file>
    </package>
    <package name="src.util">
      <metrics statements="9" coveredstatements="6" conditionals="4" coveredconditionals="2" methods="2" coveredmethods="1"/>
      <file name="util.js" path="/Users/shelancooray/Documents/personal_workspace/node/ms-gateway-magament/src/util/util.js">
        <metrics statements="9" coveredstatements="6" conditionals="4" coveredconditionals="2" methods="2" coveredmethods="1"/>
        <line num="13" count="1" type="stmt"/>
        <line num="21" count="1" type="stmt"/>
        <line num="22" count="0" type="cond" truecount="0" falsecount="2"/>
        <line num="23" count="0" type="stmt"/>
        <line num="28" count="0" type="stmt"/>
        <line num="38" count="1" type="stmt"/>
        <line num="39" count="4" type="cond" truecount="2" falsecount="0"/>
        <line num="40" count="2" type="stmt"/>
        <line num="42" count="2" type="stmt"/>
      </file>
    </package>
  </project>
</coverage>
