{"/Users/shelancooray/Documents/personal_workspace/node/ms-gateway-magament/src/appConstants.js": {"path":"/Users/shelancooray/Documents/personal_workspace/node/ms-gateway-magament/src/appConstants.js","statementMap":{"0":{"start":{"line":10,"column":26},"end":{"line":15,"column":1}},"1":{"start":{"line":17,"column":29},"end":{"line":19,"column":1}},"2":{"start":{"line":21,"column":39},"end":{"line":21,"column":41}},"3":{"start":{"line":23,"column":30},"end":{"line":26,"column":1}}},"fnMap":{},"branchMap":{},"s":{"0":1,"1":1,"2":1,"3":1},"f":{},"b":{},"_coverageSchema":"1a1c01bbd47fc00a2c39e90264f33305004495a9","hash":"124782786f247bead5d6f751ce6e7283ba87c52e"}
,"/Users/shelancooray/Documents/personal_workspace/node/ms-gateway-magament/src/util/util.js": {"path":"/Users/shelancooray/Documents/personal_workspace/node/ms-gateway-magament/src/util/util.js","statementMap":{"0":{"start":{"line":13,"column":2},"end":{"line":13,"column":164}},"1":{"start":{"line":21,"column":27},"end":{"line":31,"column":1}},"2":{"start":{"line":22,"column":2},"end":{"line":27,"column":3}},"3":{"start":{"line":23,"column":4},"end":{"line":26,"column":7}},"4":{"start":{"line":28,"column":2},"end":{"line":30,"column":50}},"5":{"start":{"line":38,"column":35},"end":{"line":43,"column":1}},"6":{"start":{"line":39,"column":2},"end":{"line":41,"column":3}},"7":{"start":{"line":40,"column":4},"end":{"line":40,"column":44}},"8":{"start":{"line":42,"column":2},"end":{"line":42,"column":61}}},"fnMap":{"0":{"name":"(anonymous_0)","decl":{"start":{"line":21,"column":27},"end":{"line":21,"column":28}},"loc":{"start":{"line":21,"column":48},"end":{"line":31,"column":1}},"line":21},"1":{"name":"(anonymous_1)","decl":{"start":{"line":38,"column":35},"end":{"line":38,"column":36}},"loc":{"start":{"line":38,"column":52},"end":{"line":43,"column":1}},"line":38}},"branchMap":{"0":{"loc":{"start":{"line":22,"column":2},"end":{"line":27,"column":3}},"type":"if","locations":[{"start":{"line":22,"column":2},"end":{"line":27,"column":3}},{"start":{},"end":{}}],"line":22},"1":{"loc":{"start":{"line":39,"column":2},"end":{"line":41,"column":3}},"type":"if","locations":[{"start":{"line":39,"column":2},"end":{"line":41,"column":3}},{"start":{},"end":{}}],"line":39}},"s":{"0":1,"1":1,"2":0,"3":0,"4":0,"5":1,"6":4,"7":2,"8":2},"f":{"0":0,"1":4},"b":{"0":[0,0],"1":[2,2]},"_coverageSchema":"1a1c01bbd47fc00a2c39e90264f33305004495a9","hash":"f6a305d2d828a826418e8372aae580d710db9068"}
}
